  [1m[35m (1.0ms)[0m  [1m[35mSET NAMES utf8,  @@SESSION.sql_mode = CONCAT(CONCAT(@@sql_mode, ',STRICT_ALL_TABLES'), ',NO_AUTO_VALUE_ON_ZERO'),  @@SESSION.sql_auto_is_null = 0, @@SESSION.wait_timeout = 2147483[0m
  [1m[35m (4.9ms)[0m  [1m[35mCREATE DATABASE `chat_app_development` DEFAULT CHARACTER SET `utf8`[0m
  [1m[35m (0.2ms)[0m  [1m[35mSET NAMES utf8,  @@SESSION.sql_mode = CONCAT(CONCAT(@@sql_mode, ',STRICT_ALL_TABLES'), ',NO_AUTO_VALUE_ON_ZERO'),  @@SESSION.sql_auto_is_null = 0, @@SESSION.wait_timeout = 2147483[0m
  [1m[35m (0.5ms)[0m  [1m[35mCREATE DATABASE `chat_app_test` DEFAULT CHARACTER SET `utf8`[0m
Started GET "/" for ::1 at 2021-02-28 08:04:58 +0900
  [1m[35m (0.5ms)[0m  [1m[35mSET NAMES utf8,  @@SESSION.sql_mode = CONCAT(CONCAT(@@sql_mode, ',STRICT_ALL_TABLES'), ',NO_AUTO_VALUE_ON_ZERO'),  @@SESSION.sql_auto_is_null = 0, @@SESSION.wait_timeout = 2147483[0m
Processing by MessagesController#index as HTML
  Rendering messages/index.html.erb within layouts/application
  Rendered messages/index.html.erb within layouts/application (Duration: 1.2ms | Allocations: 375)
[Webpacker] Compiling...
[Webpacker] Compiled all packs in /Users/masakazu/projects/chat-app/public/packs
[Webpacker] Hash: ef270c56fa66020c9089
Version: webpack 4.46.0
Time: 1636ms
Built at: 2021/02/28 8:05:01
                                     Asset       Size       Chunks                         Chunk Names
    js/application-e88c6c3304a15e6886b6.js    124 KiB  application  [emitted] [immutable]  application
js/application-e88c6c3304a15e6886b6.js.map    139 KiB  application  [emitted] [dev]        application
                             manifest.json  364 bytes               [emitted]              
Entrypoint application = js/application-e88c6c3304a15e6886b6.js js/application-e88c6c3304a15e6886b6.js.map
[./app/javascript/channels sync recursive _channel\.js$] ./app/javascript/channels sync _channel\.js$ 160 bytes {application} [built]
[./app/javascript/channels/index.js] 211 bytes {application} [built]
[./app/javascript/packs/application.js] 749 bytes {application} [built]
[./node_modules/webpack/buildin/module.js] (webpack)/buildin/module.js 552 bytes {application} [built]
    + 3 hidden modules

Completed 200 OK in 4566ms (Views: 4555.2ms | ActiveRecord: 0.0ms | Allocations: 1518994)


Started GET "/" for ::1 at 2021-02-28 08:13:20 +0900
  [1m[35m (0.6ms)[0m  [1m[35mSET NAMES utf8,  @@SESSION.sql_mode = CONCAT(CONCAT(@@sql_mode, ',STRICT_ALL_TABLES'), ',NO_AUTO_VALUE_ON_ZERO'),  @@SESSION.sql_auto_is_null = 0, @@SESSION.wait_timeout = 2147483[0m
Processing by MessagesController#index as HTML
  Rendering messages/index.html.erb within layouts/application
  Rendered messages/_side_bar.html.erb (Duration: 0.3ms | Allocations: 86)
  Rendered messages/_main_chat.html.erb (Duration: 0.3ms | Allocations: 84)
  Rendered messages/index.html.erb within layouts/application (Duration: 1.8ms | Allocations: 718)
[Webpacker] Everything's up-to-date. Nothing to do
Completed 200 OK in 17ms (Views: 15.2ms | ActiveRecord: 0.0ms | Allocations: 8283)


Started GET "/" for ::1 at 2021-02-28 08:16:32 +0900
Processing by MessagesController#index as HTML
  Rendering messages/index.html.erb within layouts/application
  Rendered messages/_side_bar.html.erb (Duration: 0.1ms | Allocations: 73)
  Rendered messages/_main_chat.html.erb (Duration: 0.3ms | Allocations: 80)
  Rendered messages/index.html.erb within layouts/application (Duration: 1.3ms | Allocations: 694)
[Webpacker] Everything's up-to-date. Nothing to do
Completed 200 OK in 14ms (Views: 12.9ms | ActiveRecord: 0.0ms | Allocations: 9183)


Started GET "/" for ::1 at 2021-02-28 08:23:56 +0900
  [1m[35m (0.5ms)[0m  [1m[35mSET NAMES utf8,  @@SESSION.sql_mode = CONCAT(CONCAT(@@sql_mode, ',STRICT_ALL_TABLES'), ',NO_AUTO_VALUE_ON_ZERO'),  @@SESSION.sql_auto_is_null = 0, @@SESSION.wait_timeout = 2147483[0m
Processing by MessagesController#index as HTML
  Rendering messages/index.html.erb within layouts/application
  Rendered messages/_side_bar.html.erb (Duration: 0.4ms | Allocations: 92)
  Rendered messages/_main_chat.html.erb (Duration: 0.2ms | Allocations: 87)
  Rendered messages/index.html.erb within layouts/application (Duration: 1.8ms | Allocations: 716)
[Webpacker] Everything's up-to-date. Nothing to do
Completed 200 OK in 17ms (Views: 15.5ms | ActiveRecord: 0.0ms | Allocations: 9338)


